c:\users\jared\projects\classes\cs551\project2\directxtk\bin\desktop_2012\win32\debug\directxtk_debug.pch
c:\users\jared\projects\classes\cs551\project2\directxtk\bin\desktop_2012\win32\debug\directxtk_debug.pdb
c:\users\jared\projects\classes\cs551\project2\directxtk\bin\desktop_2012\win32\debug\directxtk_debug.idb
c:\users\jared\projects\classes\cs551\project2\directxtk\bin\desktop_2012\win32\debug\pch.obj
c:\users\jared\projects\classes\cs551\project2\directxtk\bin\desktop_2012\win32\debug\alphatesteffect.obj
c:\users\jared\projects\classes\cs551\project2\directxtk\bin\desktop_2012\win32\debug\basiceffect.obj
c:\users\jared\projects\classes\cs551\project2\directxtk\bin\desktop_2012\win32\debug\commonstates.obj
c:\users\jared\projects\classes\cs551\project2\directxtk\bin\desktop_2012\win32\debug\ddstextureloader.obj
c:\users\jared\projects\classes\cs551\project2\directxtk\bin\desktop_2012\win32\debug\dualtextureeffect.obj
c:\users\jared\projects\classes\cs551\project2\directxtk\bin\desktop_2012\win32\debug\binaryreader.obj
c:\users\jared\projects\classes\cs551\project2\directxtk\bin\desktop_2012\win32\debug\effectcommon.obj
c:\users\jared\projects\classes\cs551\project2\directxtk\bin\desktop_2012\win32\debug\effectfactory.obj
c:\users\jared\projects\classes\cs551\project2\directxtk\bin\desktop_2012\win32\debug\environmentmapeffect.obj
c:\users\jared\projects\classes\cs551\project2\directxtk\bin\desktop_2012\win32\debug\geometricprimitive.obj
c:\users\jared\projects\classes\cs551\project2\directxtk\bin\desktop_2012\win32\debug\model.obj
c:\users\jared\projects\classes\cs551\project2\directxtk\bin\desktop_2012\win32\debug\modelloadcmo.obj
c:\users\jared\projects\classes\cs551\project2\directxtk\bin\desktop_2012\win32\debug\modelloadsdkmesh.obj
c:\users\jared\projects\classes\cs551\project2\directxtk\bin\desktop_2012\win32\debug\screengrab.obj
c:\users\jared\projects\classes\cs551\project2\directxtk\bin\desktop_2012\win32\debug\skinnedeffect.obj
c:\users\jared\projects\classes\cs551\project2\directxtk\bin\desktop_2012\win32\debug\spritebatch.obj
c:\users\jared\projects\classes\cs551\project2\directxtk\bin\desktop_2012\win32\debug\primitivebatch.obj
c:\users\jared\projects\classes\cs551\project2\directxtk\bin\desktop_2012\win32\debug\spritefont.obj
c:\users\jared\projects\classes\cs551\project2\directxtk\bin\desktop_2012\win32\debug\vertextypes.obj
c:\users\jared\projects\classes\cs551\project2\directxtk\bin\desktop_2012\win32\debug\wictextureloader.obj
c:\users\jared\projects\classes\cs551\project2\directxtk\bin\desktop_2012\win32\debug\directxtk_debug.lib
c:\users\jared\projects\classes\cs551\project2\directxtk\bin\desktop_2012\win32\debug\directxt.e0b52ae7.tlog\cl.command.1.tlog
c:\users\jared\projects\classes\cs551\project2\directxtk\bin\desktop_2012\win32\debug\directxt.e0b52ae7.tlog\cl.read.1.tlog
c:\users\jared\projects\classes\cs551\project2\directxtk\bin\desktop_2012\win32\debug\directxt.e0b52ae7.tlog\cl.write.1.tlog
c:\users\jared\projects\classes\cs551\project2\directxtk\bin\desktop_2012\win32\debug\directxt.e0b52ae7.tlog\lib-link.read.1.tlog
c:\users\jared\projects\classes\cs551\project2\directxtk\bin\desktop_2012\win32\debug\directxt.e0b52ae7.tlog\lib-link.write.1.tlog
c:\users\jared\projects\classes\cs551\project2\directxtk\bin\desktop_2012\win32\debug\directxt.e0b52ae7.tlog\lib.command.1.tlog
