Build started 1/28/2015 10:59:02 PM.
     1>Project "C:\Users\Jared\projects\ogl_551_1\cs551_p1.vcxproj" on node 2 (Rebuild target(s)).
     1>ClCompile:
         C:\Program Files (x86)\Microsoft Visual Studio 12.0\VC\bin\CL.exe /c /IC:\Users\Jared\projects\ogl_551_1\inc /IC:\Users\Jared\projects\ogl_551_1\freeglut\include /ZI /nologo /W3 /WX- /sdl /Od /Oy- /D _MBCS /Gm /EHsc /RTC1 /MDd /GS /fp:precise /Zc:wchar_t /Zc:forScope /Fo"Debug\\" /Fd"Debug\vc120.pdb" /Gd /TC /analyze- /errorReport:prompt src\osuGraphics.c
         osuGraphics.c
     1>c:\users\jared\projects\ogl_551_1\src\osugraphics.c(177): warning C4244: 'function' : conversion from 'double' to 'GLclampf', possible loss of data
     1>c:\users\jared\projects\ogl_551_1\src\osugraphics.c(235): warning C4244: 'function' : conversion from 'double' to 'GLfloat', possible loss of data
     1>c:\users\jared\projects\ogl_551_1\src\osugraphics.c(262): warning C4244: 'function' : conversion from 'double' to 'GLfloat', possible loss of data
     1>c:\users\jared\projects\ogl_551_1\src\osugraphics.c(295): warning C4028: formal parameter 1 different from declaration
         C:\Program Files (x86)\Microsoft Visual Studio 12.0\VC\bin\CL.exe /c /IC:\Users\Jared\projects\ogl_551_1\inc /IC:\Users\Jared\projects\ogl_551_1\freeglut\include /ZI /nologo /W3 /WX- /sdl /Od /Oy- /D _MBCS /Gm /EHsc /RTC1 /MDd /GS /fp:precise /Zc:wchar_t /Zc:forScope /Fo"Debug\\" /Fd"Debug\vc120.pdb" /Gd /TP /analyze- /errorReport:prompt src\poly.cpp
         poly.cpp
     1>c:\users\jared\projects\ogl_551_1\src\poly.cpp(239): warning C4018: '<' : signed/unsigned mismatch
     1>c:\users\jared\projects\ogl_551_1\src\poly.cpp(248): warning C4018: '<' : signed/unsigned mismatch
       Link:
         C:\Program Files (x86)\Microsoft Visual Studio 12.0\VC\bin\link.exe /ERRORREPORT:PROMPT /OUT:"C:\Users\Jared\projects\ogl_551_1\Debug\cs551_p1.exe" /INCREMENTAL /NOLOGO freeglut.lib kernel32.lib user32.lib gdi32.lib winspool.lib comdlg32.lib advapi32.lib shell32.lib ole32.lib oleaut32.lib uuid.lib odbc32.lib odbccp32.lib /MANIFEST /MANIFESTUAC:"level='asInvoker' uiAccess='false'" /manifest:embed /DEBUG /PDB:"C:\Users\Jared\projects\ogl_551_1\Debug\cs551_p1.pdb" /TLBID:1 /DYNAMICBASE /NXCOMPAT /IMPLIB:"C:\Users\Jared\projects\ogl_551_1\Debug\cs551_p1.lib" /MACHINE:X86 Debug\osuGraphics.obj
         Debug\poly.obj
         cs551_p1.vcxproj -> C:\Users\Jared\projects\ogl_551_1\Debug\cs551_p1.exe
     1>Done Building Project "C:\Users\Jared\projects\ogl_551_1\cs551_p1.vcxproj" (Rebuild target(s)).

Build succeeded.

Time Elapsed 00:00:02.12
